<?xml version="1.0" encoding="UTF-8"?>
<!-- Generated by org.testng.reporters.JUnitReportReporter -->
<testsuite skipped="1" hostname="DESKTOP-5N9GV5K" name="com.testdata.YahooMailTest" tests="3" failures="0" timestamp="2020-06-23T13:03:55 IST" time="0.012" errors="0">
  <testcase name="composeMail" time="0.010" classname="com.testdata.YahooMailTest"/>
  <system-out/>
  <testcase name="searchMail" time="0.002" classname="com.testdata.YahooMailTest"/>
  <system-out/>
  <testcase name="deleteMail" classname="com.testdata.YahooMailTest">
    <skipped/>
  </testcase> <!-- deleteMail -->
  <system-out/>
</testsuite> <!-- com.testdata.YahooMailTest -->
