<?xml version="1.0" encoding="UTF-8"?>
<!-- Generated by org.testng.reporters.JUnitReportReporter -->
<testsuite skipped="0" hostname="DESKTOP-5N9GV5K" name="com.testdata.InvocationCountTest" tests="10" failures="0" timestamp="2020-06-23T09:05:04 IST" time="0.051" errors="0">
  <testcase name="sum" time="0.002" classname="com.testdata.InvocationCountTest"/>
  <system-out/>
  <testcase name="sum" time="0.004" classname="com.testdata.InvocationCountTest"/>
  <system-out/>
  <testcase name="sum" time="0.006" classname="com.testdata.InvocationCountTest"/>
  <system-out/>
  <testcase name="sum" time="0.008" classname="com.testdata.InvocationCountTest"/>
  <system-out/>
  <testcase name="sum" time="0.006" classname="com.testdata.InvocationCountTest"/>
  <system-out/>
  <testcase name="sum" time="0.015" classname="com.testdata.InvocationCountTest"/>
  <system-out/>
  <testcase name="sum" time="0.002" classname="com.testdata.InvocationCountTest"/>
  <system-out/>
  <testcase name="sum" time="0.004" classname="com.testdata.InvocationCountTest"/>
  <system-out/>
  <testcase name="sum" time="0.002" classname="com.testdata.InvocationCountTest"/>
  <system-out/>
  <testcase name="sum" time="0.002" classname="com.testdata.InvocationCountTest"/>
  <system-out/>
</testsuite> <!-- com.testdata.InvocationCountTest -->
