<?xml version="1.0" encoding="UTF-8"?>
<!-- Generated by org.testng.reporters.JUnitReportReporter -->
<testsuite skipped="0" hostname="DESKTOP-5N9GV5K" name="com.testdata.ExceptionTimeoutTest" tests="1" failures="0" timestamp="2020-06-23T09:17:20 IST" time="0.012" errors="0">
  <testcase name="test1" time="0.012" classname="com.testdata.ExceptionTimeoutTest"/>
  <system-out/>
</testsuite> <!-- com.testdata.ExceptionTimeoutTest -->
