<?xml version="1.0" encoding="UTF-8"?>
<!-- Generated by org.testng.reporters.JUnitReportReporter -->
<testsuite skipped="0" hostname="DESKTOP-5N9GV5K" name="com.testdata.TestNGFeatures" tests="4" failures="0" timestamp="2020-09-24T13:50:20 IST" time="0.024" errors="0">
  <testcase name="loginTest" time="0.003" classname="com.testdata.TestNGFeatures"/>
  <system-out/>
  <testcase name="HomePageTest" time="0.013" classname="com.testdata.TestNGFeatures"/>
  <system-out/>
  <testcase name="RegPageTest" time="0.003" classname="com.testdata.TestNGFeatures"/>
  <system-out/>
  <testcase name="SearchPageTest" time="0.005" classname="com.testdata.TestNGFeatures"/>
  <system-out/>
</testsuite> <!-- com.testdata.TestNGFeatures -->
